<?xml version="1.0" encoding="UTF-8"?>
<!-- Generated by org.testng.reporters.JUnitReportReporter -->
<testsuite hostname="Abhi" failures="0" tests="1" name="Practice.SamplePractice1" time="0.013" errors="0" timestamp="2023-08-04T17:33:25 IST" skipped="0">
  <testcase classname="Practice.SamplePractice1" name="demo1" time="0.013"/>
  <system-out/>
</testsuite> <!-- Practice.SamplePractice1 -->
